<?xml version="1.0" encoding="UTF-8"?>
<!-- Generated by org.testng.reporters.JUnitXMLReporter -->
<testsuite ignored="0" hostname="Risin-Arakkal" failures="0" tests="4" name="Default test" time="20.792" errors="0" timestamp="2024-10-06T20:40:05 IST">
  <testcase classname="api.test.userTests" name="testUserCreate" time="15.49"/>
  <testcase classname="api.test.userTests" name="testGetUser" time="1.594"/>
  <testcase classname="api.test.userTests" name="testUpdateUser" time="1.462"/>
  <testcase classname="api.test.userTests" name="testDeleteUser" time="1.533"/>
</testsuite> <!-- Default test -->
