<?xml version="1.0" encoding="UTF-8"?>
<testng-results ignored="0" total="4" passed="4" failed="0" skipped="0">
  <reporter-output>
  </reporter-output>
  <suite started-at="2024-10-06T20:39:45 IST" name="Default suite" finished-at="2024-10-06T20:40:05 IST" duration-ms="20792">
    <groups>
    </groups>
    <test started-at="2024-10-06T20:39:45 IST" name="Default test" finished-at="2024-10-06T20:40:05 IST" duration-ms="20792">
      <class name="api.test.userTests">
        <test-method is-config="true" signature="setupData()[pri:0, instance:api.test.userTests@6d763516]" started-at="2024-10-06T20:39:45 IST" name="setupData" finished-at="2024-10-06T20:39:45 IST" duration-ms="649" status="PASS">
          <reporter-output>
          </reporter-output>
        </test-method> <!-- setupData -->
        <test-method signature="testUserCreate()[pri:0, instance:api.test.userTests@6d763516]" started-at="2024-10-06T20:39:45 IST" name="testUserCreate" finished-at="2024-10-06T20:40:01 IST" duration-ms="15490" status="PASS">
          <reporter-output>
          </reporter-output>
        </test-method> <!-- testUserCreate -->
        <test-method signature="testGetUser()[pri:1, instance:api.test.userTests@6d763516]" started-at="2024-10-06T20:40:01 IST" name="testGetUser" finished-at="2024-10-06T20:40:02 IST" duration-ms="1594" status="PASS">
          <reporter-output>
          </reporter-output>
        </test-method> <!-- testGetUser -->
        <test-method signature="testUpdateUser()[pri:2, instance:api.test.userTests@6d763516]" started-at="2024-10-06T20:40:02 IST" name="testUpdateUser" finished-at="2024-10-06T20:40:04 IST" duration-ms="1462" status="PASS">
          <reporter-output>
          </reporter-output>
        </test-method> <!-- testUpdateUser -->
        <test-method signature="testDeleteUser()[pri:3, instance:api.test.userTests@6d763516]" started-at="2024-10-06T20:40:04 IST" name="testDeleteUser" finished-at="2024-10-06T20:40:05 IST" duration-ms="1533" status="PASS">
          <reporter-output>
          </reporter-output>
        </test-method> <!-- testDeleteUser -->
      </class> <!-- api.test.userTests -->
    </test> <!-- Default test -->
  </suite> <!-- Default suite -->
</testng-results>
